<?xml version="1.0" encoding="UTF-8"?>
<coverage generated="1543981552137" clover="3.2.0">
  <project timestamp="1543981552137" name="All files">
    <metrics statements="33" coveredstatements="20" conditionals="12" coveredconditionals="4" methods="10" coveredmethods="5" elements="55" coveredelements="29" complexity="0" loc="33" ncloc="33" packages="2" files="4" classes="4">
      <package name="src">
        <metrics statements="20" coveredstatements="7" conditionals="8" coveredconditionals="0" methods="6" coveredmethods="1"/>
        <file name="resolver.js" path="/Users/say0213/try/try_graphql/src/resolver.js">
          <metrics statements="18" coveredstatements="5" conditionals="8" coveredconditionals="0" methods="6" coveredmethods="1"/>
          <line num="4" count="1" type="stmt"/>
          <line num="5" count="1" type="stmt"/>
          <line num="9" count="1" type="stmt"/>
          <line num="11" count="1" type="stmt"/>
          <line num="12" count="1" type="stmt"/>
          <line num="17" count="0" type="cond" truecount="0" falsecount="2"/>
          <line num="18" count="0" type="stmt"/>
          <line num="20" count="0" type="stmt"/>
          <line num="26" count="0" type="cond" truecount="0" falsecount="2"/>
          <line num="27" count="0" type="stmt"/>
          <line num="29" count="0" type="stmt"/>
          <line num="30" count="0" type="stmt"/>
          <line num="33" count="0" type="stmt"/>
          <line num="36" count="0" type="cond" truecount="0" falsecount="2"/>
          <line num="42" count="0" type="stmt"/>
          <line num="43" count="0" type="stmt"/>
          <line num="44" count="0" type="cond" truecount="0" falsecount="2"/>
          <line num="46" count="0" type="stmt"/>
        </file>
        <file name="schema.js" path="/Users/say0213/try/try_graphql/src/schema.js">
          <metrics statements="2" coveredstatements="2" conditionals="0" coveredconditionals="0" methods="0" coveredmethods="0"/>
          <line num="3" count="1" type="stmt"/>
          <line num="5" count="1" type="stmt"/>
        </file>
      </package>
      <package name="src.class">
        <metrics statements="13" coveredstatements="13" conditionals="4" coveredconditionals="4" methods="4" coveredmethods="4"/>
        <file name="Message.js" path="/Users/say0213/try/try_graphql/src/class/Message.js">
          <metrics statements="3" coveredstatements="3" conditionals="0" coveredconditionals="0" methods="1" coveredmethods="1"/>
          <line num="7" count="3" type="stmt"/>
          <line num="8" count="3" type="stmt"/>
          <line num="9" count="3" type="stmt"/>
        </file>
        <file name="RandomDie.js" path="/Users/say0213/try/try_graphql/src/class/RandomDie.js">
          <metrics statements="10" coveredstatements="10" conditionals="4" coveredconditionals="4" methods="3" coveredmethods="3"/>
          <line num="3" count="7" type="cond" truecount="2" falsecount="0"/>
          <line num="4" count="3" type="stmt"/>
          <line num="6" count="4" type="stmt"/>
          <line num="10" count="14" type="stmt"/>
          <line num="16" count="3" type="cond" truecount="2" falsecount="0"/>
          <line num="17" count="1" type="stmt"/>
          <line num="19" count="2" type="stmt"/>
          <line num="20" count="2" type="stmt"/>
          <line num="21" count="12" type="stmt"/>
          <line num="23" count="2" type="stmt"/>
        </file>
      </package>
    </metrics>
  </project>
</coverage>
