{"/Users/say0213/try/try_graphql/src/schema.js": {"path":"/Users/say0213/try/try_graphql/src/schema.js","statementMap":{"0":{"start":{"line":5,"column":13},"end":{"line":5,"column":0}}},"fnMap":{},"branchMap":{},"s":{"0":0},"f":{},"b":{}}
,"/Users/say0213/try/try_graphql/src/server.js": {"path":"/Users/say0213/try/try_graphql/src/server.js","statementMap":{"0":{"start":{"line":1,"column":14},"end":{"line":1,"column":0}},"1":{"start":{"line":2,"column":18},"end":{"line":2,"column":0}},"2":{"start":{"line":7,"column":11},"end":{"line":7,"column":0}},"3":{"start":{"line":8,"column":0},"end":{"line":null,"column":-1}},"4":{"start":{"line":10,"column":13},"end":{"line":10,"column":0}},"5":{"start":{"line":44,"column":7},"end":{"line":44,"column":6}},"6":{"start":{"line":44,"column":7},"end":{"line":null,"column":-1}},"7":{"start":{"line":45,"column":8},"end":{"line":null,"column":-1}},"8":{"start":{"line":46,"column":8},"end":{"line":null,"column":-1}},"9":{"start":{"line":47,"column":8},"end":{"line":null,"column":-1}},"10":{"start":{"line":51,"column":19},"end":{"line":51,"column":0}},"11":{"start":{"line":53,"column":11},"end":{"line":53,"column":0}},"12":{"start":{"line":56,"column":10},"end":{"line":56,"column":9}},"13":{"start":{"line":57,"column":8},"end":{"line":59,"column":9}},"14":{"start":{"line":58,"column":12},"end":{"line":null,"column":-1}},"15":{"start":{"line":60,"column":8},"end":{"line":null,"column":-1}},"16":{"start":{"line":64,"column":10},"end":{"line":64,"column":9}},"17":{"start":{"line":65,"column":17},"end":{"line":65,"column":8}},"18":{"start":{"line":67,"column":8},"end":{"line":null,"column":-1}},"19":{"start":{"line":68,"column":8},"end":{"line":null,"column":-1}},"20":{"start":{"line":73,"column":10},"end":{"line":73,"column":9}},"21":{"start":{"line":74,"column":8},"end":{"line":76,"column":9}},"22":{"start":{"line":75,"column":12},"end":{"line":null,"column":-1}},"23":{"start":{"line":77,"column":8},"end":{"line":null,"column":-1}},"24":{"start":{"line":78,"column":8},"end":{"line":null,"column":-1}},"25":{"start":{"line":81,"column":8},"end":{"line":null,"column":-1}},"26":{"start":{"line":84,"column":8},"end":{"line":null,"column":-1}},"27":{"start":{"line":89,"column":10},"end":{"line":89,"column":9}},"28":{"start":{"line":90,"column":21},"end":{"line":90,"column":8}},"29":{"start":{"line":91,"column":8},"end":{"line":93,"column":9}},"30":{"start":{"line":92,"column":12},"end":{"line":null,"column":-1}},"31":{"start":{"line":94,"column":8},"end":{"line":null,"column":-1}},"32":{"start":{"line":98,"column":10},"end":{"line":98,"column":0}},"33":{"start":{"line":99,"column":0},"end":{"line":null,"column":-1}},"34":{"start":{"line":105,"column":0},"end":{"line":null,"column":-1}},"35":{"start":{"line":106,"column":0},"end":{"line":null,"column":-1}},"36":{"start":{"line":109,"column":25},"end":{"line":null,"column":-1}},"37":{"start":{"line":110,"column":8},"end":{"line":null,"column":-1}},"38":{"start":{"line":114,"column":8},"end":{"line":null,"column":-1}},"39":{"start":{"line":119,"column":7},"end":{"line":119,"column":6}},"40":{"start":{"line":120,"column":21},"end":{"line":120,"column":8}},"41":{"start":{"line":121,"column":8},"end":{"line":123,"column":9}},"42":{"start":{"line":122,"column":12},"end":{"line":null,"column":-1}},"43":{"start":{"line":124,"column":8},"end":{"line":null,"column":-1}}},"fnMap":{"0":{"name":"getMessage","decl":{"start":{"line":54,"column":16},"end":{"line":56,"column":9}},"loc":{"start":{"line":56,"column":10},"end":{"line":53,"column":11}}},"1":{"name":"createMessage","decl":{"start":{"line":62,"column":19},"end":{"line":64,"column":9}},"loc":{"start":{"line":64,"column":10},"end":{"line":53,"column":11}}},"2":{"name":"updateMessage","decl":{"start":{"line":70,"column":19},"end":{"line":73,"column":9}},"loc":{"start":{"line":73,"column":10},"end":{"line":53,"column":11}}},"3":{"name":"hello","decl":{"start":{"line":80,"column":11},"end":{"line":80,"column":16}},"loc":{"start":{"line":80,"column":17},"end":{"line":53,"column":11}}},"4":{"name":"getDie","decl":{"start":{"line":83,"column":12},"end":{"line":83,"column":12}},"loc":{"start":{"line":83,"column":22},"end":{"line":53,"column":11}}},"5":{"name":"rollDice","decl":{"start":{"line":86,"column":14},"end":{"line":89,"column":9}},"loc":{"start":{"line":89,"column":10},"end":{"line":95,"column":5}}},"6":{"name":"RandomDie","decl":{"start":{"line":109,"column":4},"end":{"line":109,"column":15}},"loc":{"start":{"line":109,"column":25},"end":{"line":111,"column":5}}}},"branchMap":{"0":{"loc":{"start":{"line":57,"column":8},"end":{"line":59,"column":9}},"type":"if","locations":[{"start":{"line":57,"column":8},"end":{"line":59,"column":9}},{"start":{"line":57,"column":8},"end":{"line":59,"column":9}}]},"1":{"loc":{"start":{"line":74,"column":8},"end":{"line":76,"column":9}},"type":"if","locations":[{"start":{"line":74,"column":8},"end":{"line":76,"column":9}},{"start":{"line":74,"column":8},"end":{"line":76,"column":9}}]},"2":{"loc":{"start":{"line":84,"column":29},"end":{"line":84,"column":28}},"type":"binary-expr","locations":[{"start":{"line":84,"column":29},"end":{"line":84,"column":28}},{"start":{"line":84,"column":46},"end":{"line":84,"column":15}}]},"3":{"loc":{"start":{"line":92,"column":56},"end":{"line":92,"column":67}},"type":"binary-expr","locations":[{"start":{"line":92,"column":56},"end":{"line":92,"column":67}},{"start":{"line":92,"column":68},"end":{"line":92,"column":39}}]}},"s":{"0":0,"1":0,"2":0,"3":0,"4":0,"5":0,"6":0,"7":0,"8":0,"9":0,"10":0,"11":0,"12":0,"13":0,"14":0,"15":0,"16":0,"17":0,"18":0,"19":0,"20":0,"21":0,"22":0,"23":0,"24":0,"25":0,"26":0,"27":0,"28":0,"29":0,"30":0,"31":0,"32":0,"33":0,"34":0,"35":0,"36":0,"37":0,"38":0,"39":0,"40":0,"41":0,"42":0,"43":0},"f":{"0":0,"1":0,"2":0,"3":0,"4":0,"5":0,"6":0},"b":{"0":[0,0],"1":[0,0],"2":[0,0],"3":[0,0]}}
,"/Users/say0213/try/try_graphql/src/class/RandomDie.js": {"path":"/Users/say0213/try/try_graphql/src/class/RandomDie.js","statementMap":{"0":{"start":{"line":2,"column":25},"end":{"line":null,"column":-1}},"1":{"start":{"line":3,"column":8},"end":{"line":null,"column":-1}},"2":{"start":{"line":7,"column":8},"end":{"line":null,"column":-1}},"3":{"start":{"line":12,"column":7},"end":{"line":12,"column":6}},"4":{"start":{"line":13,"column":21},"end":{"line":13,"column":8}},"5":{"start":{"line":14,"column":8},"end":{"line":16,"column":9}},"6":{"start":{"line":15,"column":12},"end":{"line":null,"column":-1}},"7":{"start":{"line":17,"column":8},"end":{"line":null,"column":-1}}},"fnMap":{"0":{"name":"RandomDie","decl":{"start":{"line":2,"column":4},"end":{"line":2,"column":15}},"loc":{"start":{"line":2,"column":25},"end":{"line":4,"column":5}}}},"branchMap":{},"s":{"0":0,"1":0,"2":0,"3":0,"4":0,"5":0,"6":0,"7":0},"f":{"0":0},"b":{}}
}
